// 重构日志: 911fe5be
// 重构日志: f7bed58e
// 同步 ID: a36ce606 @ Tue Jul 14 07:09:09 UTC 2026
// 重构日志: b951790d
// 重构日志: 99c91eac
// 重构日志: 9465af6c
// 重构日志: 31f37761
// 同步 ID: b0b94913 @ Fri Jul 17 07:00:08 UTC 2026
// 重构日志: 883e1443
// 重构日志: fc263c20
// 重构日志: abd1f2e2
// 重构日志: 43226380
// 重构日志: 0f9de565
// 同步 ID: 6e15161f @ Sun Jul 19 04:09:07 UTC 2026
// 重构日志: 32ba0456
// 重构日志: 4d9bd531
// 重构日志: 38c459ce
// 重构日志: 6412508c
// 重构日志: 930e1976
// 同步 ID: 99a0f214 @ Mon Jul 20 13:35:34 UTC 2026
// 重构日志: a81347cf
// 重构日志: 6833d161
// 重构日志: b52e8aee
// 重构日志: bfbfb891
// 重构日志: 88589f1d
// 重构日志: bfadd896
// 同步 ID: 9a274e4a @ Thu Jul 23 08:11:44 UTC 2026
// 重构日志: 91f3e94c
// 重构日志: d1158afe
// 同步 ID: 15415bbd @ Fri Jul 24 04:23:49 UTC 2026
